{"total": {"lines":{"total":9057,"covered":9057,"skipped":0,"pct":100},"statements":{"total":9057,"covered":9057,"skipped":0,"pct":100},"functions":{"total":356,"covered":356,"skipped":0,"pct":100},"branches":{"total":2772,"covered":2426,"skipped":0,"pct":87.51},"branchesTrue":{"total":0,"covered":0,"skipped":0,"pct":100}}
,"/Users/maikyon/Documents/Programming/penny-platform/src/hooks.server.ts": {"lines":{"total":64,"covered":64,"skipped":0,"pct":100},"functions":{"total":1,"covered":1,"skipped":0,"pct":100},"statements":{"total":64,"covered":64,"skipped":0,"pct":100},"branches":{"total":16,"covered":13,"skipped":0,"pct":81.25}}
,"/Users/maikyon/Documents/Programming/penny-platform/src/lib/index.ts": {"lines":{"total":2,"covered":2,"skipped":0,"pct":100},"functions":{"total":0,"covered":0,"skipped":0,"pct":100},"statements":{"total":2,"covered":2,"skipped":0,"pct":100},"branches":{"total":0,"covered":0,"skipped":0,"pct":100}}
,"/Users/maikyon/Documents/Programming/penny-platform/src/lib/billing/checkout.ts": {"lines":{"total":43,"covered":43,"skipped":0,"pct":100},"functions":{"total":1,"covered":1,"skipped":0,"pct":100},"statements":{"total":43,"covered":43,"skipped":0,"pct":100},"branches":{"total":12,"covered":10,"skipped":0,"pct":83.33}}
,"/Users/maikyon/Documents/Programming/penny-platform/src/lib/billing/plans.ts": {"lines":{"total":146,"covered":146,"skipped":0,"pct":100},"functions":{"total":4,"covered":4,"skipped":0,"pct":100},"statements":{"total":146,"covered":146,"skipped":0,"pct":100},"branches":{"total":30,"covered":30,"skipped":0,"pct":100}}
,"/Users/maikyon/Documents/Programming/penny-platform/src/lib/components/billing/index.ts": {"lines":{"total":2,"covered":2,"skipped":0,"pct":100},"functions":{"total":0,"covered":0,"skipped":0,"pct":100},"statements":{"total":2,"covered":2,"skipped":0,"pct":100},"branches":{"total":0,"covered":0,"skipped":0,"pct":100}}
,"/Users/maikyon/Documents/Programming/penny-platform/src/lib/components/outreach/transitions.ts": {"lines":{"total":24,"covered":24,"skipped":0,"pct":100},"functions":{"total":4,"covered":4,"skipped":0,"pct":100},"statements":{"total":24,"covered":24,"skipped":0,"pct":100},"branches":{"total":11,"covered":8,"skipped":0,"pct":72.72}}
,"/Users/maikyon/Documents/Programming/penny-platform/src/lib/components/outreach/types.ts": {"lines":{"total":2,"covered":2,"skipped":0,"pct":100},"functions":{"total":0,"covered":0,"skipped":0,"pct":100},"statements":{"total":2,"covered":2,"skipped":0,"pct":100},"branches":{"total":0,"covered":0,"skipped":0,"pct":100}}
,"/Users/maikyon/Documents/Programming/penny-platform/src/lib/firebase/admin.ts": {"lines":{"total":98,"covered":98,"skipped":0,"pct":100},"functions":{"total":3,"covered":3,"skipped":0,"pct":100},"statements":{"total":98,"covered":98,"skipped":0,"pct":100},"branches":{"total":38,"covered":33,"skipped":0,"pct":86.84}}
,"/Users/maikyon/Documents/Programming/penny-platform/src/lib/firebase/auth-sync.ts": {"lines":{"total":145,"covered":145,"skipped":0,"pct":100},"functions":{"total":8,"covered":8,"skipped":0,"pct":100},"statements":{"total":145,"covered":145,"skipped":0,"pct":100},"branches":{"total":54,"covered":50,"skipped":0,"pct":92.59}}
,"/Users/maikyon/Documents/Programming/penny-platform/src/lib/firebase/client.ts": {"lines":{"total":61,"covered":61,"skipped":0,"pct":100},"functions":{"total":3,"covered":3,"skipped":0,"pct":100},"statements":{"total":61,"covered":61,"skipped":0,"pct":100},"branches":{"total":19,"covered":18,"skipped":0,"pct":94.73}}
,"/Users/maikyon/Documents/Programming/penny-platform/src/lib/server/campaigns.ts": {"lines":{"total":129,"covered":129,"skipped":0,"pct":100},"functions":{"total":5,"covered":5,"skipped":0,"pct":100},"statements":{"total":129,"covered":129,"skipped":0,"pct":100},"branches":{"total":82,"covered":64,"skipped":0,"pct":78.04}}
,"/Users/maikyon/Documents/Programming/penny-platform/src/lib/server/openai.ts": {"lines":{"total":28,"covered":28,"skipped":0,"pct":100},"functions":{"total":3,"covered":3,"skipped":0,"pct":100},"statements":{"total":28,"covered":28,"skipped":0,"pct":100},"branches":{"total":8,"covered":8,"skipped":0,"pct":100}}
,"/Users/maikyon/Documents/Programming/penny-platform/src/lib/server/billing/billing-utils.ts": {"lines":{"total":32,"covered":32,"skipped":0,"pct":100},"functions":{"total":3,"covered":3,"skipped":0,"pct":100},"statements":{"total":32,"covered":32,"skipped":0,"pct":100},"branches":{"total":9,"covered":7,"skipped":0,"pct":77.77}}
,"/Users/maikyon/Documents/Programming/penny-platform/src/lib/server/billing/feature-capabilities.ts": {"lines":{"total":119,"covered":119,"skipped":0,"pct":100},"functions":{"total":9,"covered":9,"skipped":0,"pct":100},"statements":{"total":119,"covered":119,"skipped":0,"pct":100},"branches":{"total":30,"covered":29,"skipped":0,"pct":96.66}}
,"/Users/maikyon/Documents/Programming/penny-platform/src/lib/server/billing/index.ts": {"lines":{"total":3,"covered":3,"skipped":0,"pct":100},"functions":{"total":0,"covered":0,"skipped":0,"pct":100},"statements":{"total":3,"covered":3,"skipped":0,"pct":100},"branches":{"total":0,"covered":0,"skipped":0,"pct":100}}
,"/Users/maikyon/Documents/Programming/penny-platform/src/lib/server/billing/stripe.ts": {"lines":{"total":84,"covered":84,"skipped":0,"pct":100},"functions":{"total":8,"covered":8,"skipped":0,"pct":100},"statements":{"total":84,"covered":84,"skipped":0,"pct":100},"branches":{"total":21,"covered":17,"skipped":0,"pct":80.95}}
,"/Users/maikyon/Documents/Programming/penny-platform/src/lib/server/chat/chatbot-client.ts": {"lines":{"total":147,"covered":147,"skipped":0,"pct":100},"functions":{"total":4,"covered":4,"skipped":0,"pct":100},"statements":{"total":147,"covered":147,"skipped":0,"pct":100},"branches":{"total":37,"covered":30,"skipped":0,"pct":81.08}}
,"/Users/maikyon/Documents/Programming/penny-platform/src/lib/server/chat/config.ts": {"lines":{"total":29,"covered":29,"skipped":0,"pct":100},"functions":{"total":3,"covered":3,"skipped":0,"pct":100},"statements":{"total":29,"covered":29,"skipped":0,"pct":100},"branches":{"total":15,"covered":14,"skipped":0,"pct":93.33}}
,"/Users/maikyon/Documents/Programming/penny-platform/src/lib/server/chat/index.ts": {"lines":{"total":1,"covered":1,"skipped":0,"pct":100},"functions":{"total":0,"covered":0,"skipped":0,"pct":100},"statements":{"total":1,"covered":1,"skipped":0,"pct":100},"branches":{"total":0,"covered":0,"skipped":0,"pct":100}}
,"/Users/maikyon/Documents/Programming/penny-platform/src/lib/server/chat/mapper.ts": {"lines":{"total":24,"covered":24,"skipped":0,"pct":100},"functions":{"total":1,"covered":1,"skipped":0,"pct":100},"statements":{"total":24,"covered":24,"skipped":0,"pct":100},"branches":{"total":11,"covered":9,"skipped":0,"pct":81.81}}
,"/Users/maikyon/Documents/Programming/penny-platform/src/lib/server/core/api.ts": {"lines":{"total":178,"covered":178,"skipped":0,"pct":100},"functions":{"total":14,"covered":14,"skipped":0,"pct":100},"statements":{"total":178,"covered":178,"skipped":0,"pct":100},"branches":{"total":72,"covered":65,"skipped":0,"pct":90.27}}
,"/Users/maikyon/Documents/Programming/penny-platform/src/lib/server/core/firestore.ts": {"lines":{"total":91,"covered":91,"skipped":0,"pct":100},"functions":{"total":25,"covered":25,"skipped":0,"pct":100},"statements":{"total":91,"covered":91,"skipped":0,"pct":100},"branches":{"total":30,"covered":28,"skipped":0,"pct":93.33}}
,"/Users/maikyon/Documents/Programming/penny-platform/src/lib/server/core/index.ts": {"lines":{"total":3,"covered":3,"skipped":0,"pct":100},"functions":{"total":0,"covered":0,"skipped":0,"pct":100},"statements":{"total":3,"covered":3,"skipped":0,"pct":100},"branches":{"total":0,"covered":0,"skipped":0,"pct":100}}
,"/Users/maikyon/Documents/Programming/penny-platform/src/lib/server/core/logger.ts": {"lines":{"total":67,"covered":67,"skipped":0,"pct":100},"functions":{"total":9,"covered":9,"skipped":0,"pct":100},"statements":{"total":67,"covered":67,"skipped":0,"pct":100},"branches":{"total":23,"covered":21,"skipped":0,"pct":91.3}}
,"/Users/maikyon/Documents/Programming/penny-platform/src/lib/server/email-queue/index.ts": {"lines":{"total":2,"covered":2,"skipped":0,"pct":100},"functions":{"total":0,"covered":0,"skipped":0,"pct":100},"statements":{"total":2,"covered":2,"skipped":0,"pct":100},"branches":{"total":0,"covered":0,"skipped":0,"pct":100}}
,"/Users/maikyon/Documents/Programming/penny-platform/src/lib/server/email-queue/queue-processor.ts": {"lines":{"total":155,"covered":155,"skipped":0,"pct":100},"functions":{"total":7,"covered":7,"skipped":0,"pct":100},"statements":{"total":155,"covered":155,"skipped":0,"pct":100},"branches":{"total":36,"covered":34,"skipped":0,"pct":94.44}}
,"/Users/maikyon/Documents/Programming/penny-platform/src/lib/server/email-queue/queue-service.ts": {"lines":{"total":317,"covered":317,"skipped":0,"pct":100},"functions":{"total":10,"covered":10,"skipped":0,"pct":100},"statements":{"total":317,"covered":317,"skipped":0,"pct":100},"branches":{"total":83,"covered":81,"skipped":0,"pct":97.59}}
,"/Users/maikyon/Documents/Programming/penny-platform/src/lib/server/firebase/firebase-callable.ts": {"lines":{"total":60,"covered":60,"skipped":0,"pct":100},"functions":{"total":2,"covered":2,"skipped":0,"pct":100},"statements":{"total":60,"covered":60,"skipped":0,"pct":100},"branches":{"total":29,"covered":28,"skipped":0,"pct":96.55}}
,"/Users/maikyon/Documents/Programming/penny-platform/src/lib/server/firebase/functions-client.ts": {"lines":{"total":205,"covered":205,"skipped":0,"pct":100},"functions":{"total":14,"covered":14,"skipped":0,"pct":100},"statements":{"total":205,"covered":205,"skipped":0,"pct":100},"branches":{"total":65,"covered":57,"skipped":0,"pct":87.69}}
,"/Users/maikyon/Documents/Programming/penny-platform/src/lib/server/firebase/index.ts": {"lines":{"total":2,"covered":2,"skipped":0,"pct":100},"functions":{"total":0,"covered":0,"skipped":0,"pct":100},"statements":{"total":2,"covered":2,"skipped":0,"pct":100},"branches":{"total":0,"covered":0,"skipped":0,"pct":100}}
,"/Users/maikyon/Documents/Programming/penny-platform/src/lib/server/gmail/gmail-auth.ts": {"lines":{"total":315,"covered":315,"skipped":0,"pct":100},"functions":{"total":25,"covered":25,"skipped":0,"pct":100},"statements":{"total":315,"covered":315,"skipped":0,"pct":100},"branches":{"total":106,"covered":93,"skipped":0,"pct":87.73}}
,"/Users/maikyon/Documents/Programming/penny-platform/src/lib/server/gmail/gmail-sender.ts": {"lines":{"total":166,"covered":166,"skipped":0,"pct":100},"functions":{"total":6,"covered":6,"skipped":0,"pct":100},"statements":{"total":166,"covered":166,"skipped":0,"pct":100},"branches":{"total":42,"covered":37,"skipped":0,"pct":88.09}}
,"/Users/maikyon/Documents/Programming/penny-platform/src/lib/server/gmail/index.ts": {"lines":{"total":2,"covered":2,"skipped":0,"pct":100},"functions":{"total":0,"covered":0,"skipped":0,"pct":100},"statements":{"total":2,"covered":2,"skipped":0,"pct":100},"branches":{"total":0,"covered":0,"skipped":0,"pct":100}}
,"/Users/maikyon/Documents/Programming/penny-platform/src/lib/server/outreach/clear-selections.ts": {"lines":{"total":103,"covered":103,"skipped":0,"pct":100},"functions":{"total":2,"covered":2,"skipped":0,"pct":100},"statements":{"total":103,"covered":103,"skipped":0,"pct":100},"branches":{"total":33,"covered":26,"skipped":0,"pct":78.78}}
,"/Users/maikyon/Documents/Programming/penny-platform/src/lib/server/outreach/email-footer.ts": {"lines":{"total":30,"covered":30,"skipped":0,"pct":100},"functions":{"total":1,"covered":1,"skipped":0,"pct":100},"statements":{"total":30,"covered":30,"skipped":0,"pct":100},"branches":{"total":13,"covered":11,"skipped":0,"pct":84.61}}
,"/Users/maikyon/Documents/Programming/penny-platform/src/lib/server/outreach/email-templates.ts": {"lines":{"total":23,"covered":23,"skipped":0,"pct":100},"functions":{"total":2,"covered":2,"skipped":0,"pct":100},"statements":{"total":23,"covered":23,"skipped":0,"pct":100},"branches":{"total":7,"covered":7,"skipped":0,"pct":100}}
,"/Users/maikyon/Documents/Programming/penny-platform/src/lib/server/usage/daily-inbox-usage.ts": {"lines":{"total":135,"covered":135,"skipped":0,"pct":100},"functions":{"total":7,"covered":7,"skipped":0,"pct":100},"statements":{"total":135,"covered":135,"skipped":0,"pct":100},"branches":{"total":21,"covered":16,"skipped":0,"pct":76.19}}
,"/Users/maikyon/Documents/Programming/penny-platform/src/lib/server/usage/index.ts": {"lines":{"total":2,"covered":2,"skipped":0,"pct":100},"functions":{"total":0,"covered":0,"skipped":0,"pct":100},"statements":{"total":2,"covered":2,"skipped":0,"pct":100},"branches":{"total":0,"covered":0,"skipped":0,"pct":100}}
,"/Users/maikyon/Documents/Programming/penny-platform/src/lib/server/usage/outreach-usage.ts": {"lines":{"total":106,"covered":106,"skipped":0,"pct":100},"functions":{"total":5,"covered":5,"skipped":0,"pct":100},"statements":{"total":106,"covered":106,"skipped":0,"pct":100},"branches":{"total":33,"covered":28,"skipped":0,"pct":84.84}}
,"/Users/maikyon/Documents/Programming/penny-platform/src/lib/server/usage/search-usage.ts": {"lines":{"total":106,"covered":106,"skipped":0,"pct":100},"functions":{"total":5,"covered":5,"skipped":0,"pct":100},"statements":{"total":106,"covered":106,"skipped":0,"pct":100},"branches":{"total":36,"covered":33,"skipped":0,"pct":91.66}}
,"/Users/maikyon/Documents/Programming/penny-platform/src/lib/stores/campaign-panel.ts": {"lines":{"total":49,"covered":49,"skipped":0,"pct":100},"functions":{"total":5,"covered":5,"skipped":0,"pct":100},"statements":{"total":49,"covered":49,"skipped":0,"pct":100},"branches":{"total":11,"covered":11,"skipped":0,"pct":100}}
,"/Users/maikyon/Documents/Programming/penny-platform/src/lib/stores/firebase-auth.ts": {"lines":{"total":8,"covered":8,"skipped":0,"pct":100},"functions":{"total":2,"covered":2,"skipped":0,"pct":100},"statements":{"total":8,"covered":8,"skipped":0,"pct":100},"branches":{"total":2,"covered":2,"skipped":0,"pct":100}}
,"/Users/maikyon/Documents/Programming/penny-platform/src/lib/stores/sidebar.ts": {"lines":{"total":38,"covered":38,"skipped":0,"pct":100},"functions":{"total":7,"covered":7,"skipped":0,"pct":100},"statements":{"total":38,"covered":38,"skipped":0,"pct":100},"branches":{"total":15,"covered":14,"skipped":0,"pct":93.33}}
,"/Users/maikyon/Documents/Programming/penny-platform/src/lib/stores/theme.ts": {"lines":{"total":40,"covered":40,"skipped":0,"pct":100},"functions":{"total":7,"covered":7,"skipped":0,"pct":100},"statements":{"total":40,"covered":40,"skipped":0,"pct":100},"branches":{"total":15,"covered":10,"skipped":0,"pct":66.66}}
,"/Users/maikyon/Documents/Programming/penny-platform/src/lib/stores/upgrade.ts": {"lines":{"total":18,"covered":18,"skipped":0,"pct":100},"functions":{"total":3,"covered":3,"skipped":0,"pct":100},"statements":{"total":18,"covered":18,"skipped":0,"pct":100},"branches":{"total":3,"covered":3,"skipped":0,"pct":100}}
,"/Users/maikyon/Documents/Programming/penny-platform/src/lib/types/campaign.ts": {"lines":{"total":2,"covered":2,"skipped":0,"pct":100},"functions":{"total":0,"covered":0,"skipped":0,"pct":100},"statements":{"total":2,"covered":2,"skipped":0,"pct":100},"branches":{"total":0,"covered":0,"skipped":0,"pct":100}}
,"/Users/maikyon/Documents/Programming/penny-platform/src/lib/types/search.ts": {"lines":{"total":180,"covered":180,"skipped":0,"pct":100},"functions":{"total":15,"covered":15,"skipped":0,"pct":100},"statements":{"total":180,"covered":180,"skipped":0,"pct":100},"branches":{"total":115,"covered":104,"skipped":0,"pct":90.43}}
,"/Users/maikyon/Documents/Programming/penny-platform/src/lib/utils/campaign.ts": {"lines":{"total":77,"covered":77,"skipped":0,"pct":100},"functions":{"total":8,"covered":8,"skipped":0,"pct":100},"statements":{"total":77,"covered":77,"skipped":0,"pct":100},"branches":{"total":46,"covered":43,"skipped":0,"pct":93.47}}
,"/Users/maikyon/Documents/Programming/penny-platform/src/routes/+layout.server.ts": {"lines":{"total":23,"covered":23,"skipped":0,"pct":100},"functions":{"total":1,"covered":1,"skipped":0,"pct":100},"statements":{"total":23,"covered":23,"skipped":0,"pct":100},"branches":{"total":8,"covered":7,"skipped":0,"pct":87.5}}
,"/Users/maikyon/Documents/Programming/penny-platform/src/routes/(app)/+layout.server.ts": {"lines":{"total":84,"covered":84,"skipped":0,"pct":100},"functions":{"total":3,"covered":3,"skipped":0,"pct":100},"statements":{"total":84,"covered":84,"skipped":0,"pct":100},"branches":{"total":28,"covered":24,"skipped":0,"pct":85.71}}
,"/Users/maikyon/Documents/Programming/penny-platform/src/routes/(app)/campaign/[id]/+page.server.ts": {"lines":{"total":54,"covered":54,"skipped":0,"pct":100},"functions":{"total":2,"covered":2,"skipped":0,"pct":100},"statements":{"total":54,"covered":54,"skipped":0,"pct":100},"branches":{"total":19,"covered":17,"skipped":0,"pct":89.47}}
,"/Users/maikyon/Documents/Programming/penny-platform/src/routes/(app)/chatbot/+page.ts": {"lines":{"total":7,"covered":7,"skipped":0,"pct":100},"functions":{"total":1,"covered":1,"skipped":0,"pct":100},"statements":{"total":7,"covered":7,"skipped":0,"pct":100},"branches":{"total":1,"covered":1,"skipped":0,"pct":100}}
,"/Users/maikyon/Documents/Programming/penny-platform/src/routes/(app)/dashboard/+page.server.ts": {"lines":{"total":91,"covered":91,"skipped":0,"pct":100},"functions":{"total":2,"covered":2,"skipped":0,"pct":100},"statements":{"total":91,"covered":91,"skipped":0,"pct":100},"branches":{"total":29,"covered":27,"skipped":0,"pct":93.1}}
,"/Users/maikyon/Documents/Programming/penny-platform/src/routes/(app)/inbox/+page.server.ts": {"lines":{"total":40,"covered":40,"skipped":0,"pct":100},"functions":{"total":1,"covered":1,"skipped":0,"pct":100},"statements":{"total":40,"covered":40,"skipped":0,"pct":100},"branches":{"total":5,"covered":5,"skipped":0,"pct":100}}
,"/Users/maikyon/Documents/Programming/penny-platform/src/routes/(app)/inbox/+page.ts": {"lines":{"total":34,"covered":34,"skipped":0,"pct":100},"functions":{"total":1,"covered":1,"skipped":0,"pct":100},"statements":{"total":34,"covered":34,"skipped":0,"pct":100},"branches":{"total":1,"covered":1,"skipped":0,"pct":100}}
,"/Users/maikyon/Documents/Programming/penny-platform/src/routes/(app)/my-account/+layout.server.ts": {"lines":{"total":86,"covered":86,"skipped":0,"pct":100},"functions":{"total":2,"covered":2,"skipped":0,"pct":100},"statements":{"total":86,"covered":86,"skipped":0,"pct":100},"branches":{"total":47,"covered":37,"skipped":0,"pct":78.72}}
,"/Users/maikyon/Documents/Programming/penny-platform/src/routes/(app)/my-account/billing/+page.ts": {"lines":{"total":18,"covered":18,"skipped":0,"pct":100},"functions":{"total":1,"covered":1,"skipped":0,"pct":100},"statements":{"total":18,"covered":18,"skipped":0,"pct":100},"branches":{"total":4,"covered":4,"skipped":0,"pct":100}}
,"/Users/maikyon/Documents/Programming/penny-platform/src/routes/(app)/settings/+page.ts": {"lines":{"total":4,"covered":4,"skipped":0,"pct":100},"functions":{"total":1,"covered":1,"skipped":0,"pct":100},"statements":{"total":4,"covered":4,"skipped":0,"pct":100},"branches":{"total":1,"covered":1,"skipped":0,"pct":100}}
,"/Users/maikyon/Documents/Programming/penny-platform/src/routes/api/auth/gmail/callback/+server.ts": {"lines":{"total":50,"covered":50,"skipped":0,"pct":100},"functions":{"total":1,"covered":1,"skipped":0,"pct":100},"statements":{"total":50,"covered":50,"skipped":0,"pct":100},"branches":{"total":19,"covered":17,"skipped":0,"pct":89.47}}
,"/Users/maikyon/Documents/Programming/penny-platform/src/routes/api/auth/gmail/connect/+server.ts": {"lines":{"total":23,"covered":23,"skipped":0,"pct":100},"functions":{"total":1,"covered":1,"skipped":0,"pct":100},"statements":{"total":23,"covered":23,"skipped":0,"pct":100},"branches":{"total":2,"covered":1,"skipped":0,"pct":50}}
,"/Users/maikyon/Documents/Programming/penny-platform/src/routes/api/auth/gmail/disconnect/+server.ts": {"lines":{"total":26,"covered":26,"skipped":0,"pct":100},"functions":{"total":1,"covered":1,"skipped":0,"pct":100},"statements":{"total":26,"covered":26,"skipped":0,"pct":100},"branches":{"total":3,"covered":3,"skipped":0,"pct":100}}
,"/Users/maikyon/Documents/Programming/penny-platform/src/routes/api/auth/gmail/primary/+server.ts": {"lines":{"total":21,"covered":21,"skipped":0,"pct":100},"functions":{"total":1,"covered":1,"skipped":0,"pct":100},"statements":{"total":21,"covered":21,"skipped":0,"pct":100},"branches":{"total":5,"covered":5,"skipped":0,"pct":100}}
,"/Users/maikyon/Documents/Programming/penny-platform/src/routes/api/auth/gmail/status/+server.ts": {"lines":{"total":21,"covered":21,"skipped":0,"pct":100},"functions":{"total":1,"covered":1,"skipped":0,"pct":100},"statements":{"total":21,"covered":21,"skipped":0,"pct":100},"branches":{"total":5,"covered":1,"skipped":0,"pct":20}}
,"/Users/maikyon/Documents/Programming/penny-platform/src/routes/api/billing/cancel/+server.ts": {"lines":{"total":197,"covered":197,"skipped":0,"pct":100},"functions":{"total":3,"covered":3,"skipped":0,"pct":100},"statements":{"total":197,"covered":197,"skipped":0,"pct":100},"branches":{"total":28,"covered":26,"skipped":0,"pct":92.85}}
,"/Users/maikyon/Documents/Programming/penny-platform/src/routes/api/billing/checkout/+server.ts": {"lines":{"total":238,"covered":238,"skipped":0,"pct":100},"functions":{"total":5,"covered":5,"skipped":0,"pct":100},"statements":{"total":238,"covered":238,"skipped":0,"pct":100},"branches":{"total":86,"covered":75,"skipped":0,"pct":87.2}}
,"/Users/maikyon/Documents/Programming/penny-platform/src/routes/api/billing/current-plan/+server.ts": {"lines":{"total":10,"covered":10,"skipped":0,"pct":100},"functions":{"total":1,"covered":1,"skipped":0,"pct":100},"statements":{"total":10,"covered":10,"skipped":0,"pct":100},"branches":{"total":4,"covered":4,"skipped":0,"pct":100}}
,"/Users/maikyon/Documents/Programming/penny-platform/src/routes/api/billing/portal/+server.ts": {"lines":{"total":47,"covered":47,"skipped":0,"pct":100},"functions":{"total":2,"covered":2,"skipped":0,"pct":100},"statements":{"total":47,"covered":47,"skipped":0,"pct":100},"branches":{"total":9,"covered":8,"skipped":0,"pct":88.88}}
,"/Users/maikyon/Documents/Programming/penny-platform/src/routes/api/billing/set-free-plan/+server.ts": {"lines":{"total":127,"covered":127,"skipped":0,"pct":100},"functions":{"total":1,"covered":1,"skipped":0,"pct":100},"statements":{"total":127,"covered":127,"skipped":0,"pct":100},"branches":{"total":18,"covered":17,"skipped":0,"pct":94.44}}
,"/Users/maikyon/Documents/Programming/penny-platform/src/routes/api/billing/upgrade/+server.ts": {"lines":{"total":218,"covered":218,"skipped":0,"pct":100},"functions":{"total":3,"covered":3,"skipped":0,"pct":100},"statements":{"total":218,"covered":218,"skipped":0,"pct":100},"branches":{"total":57,"covered":48,"skipped":0,"pct":84.21}}
,"/Users/maikyon/Documents/Programming/penny-platform/src/routes/api/campaigns/+server.ts": {"lines":{"total":44,"covered":44,"skipped":0,"pct":100},"functions":{"total":2,"covered":2,"skipped":0,"pct":100},"statements":{"total":44,"covered":44,"skipped":0,"pct":100},"branches":{"total":7,"covered":6,"skipped":0,"pct":85.71}}
,"/Users/maikyon/Documents/Programming/penny-platform/src/routes/api/campaigns/[id]/+server.ts": {"lines":{"total":116,"covered":116,"skipped":0,"pct":100},"functions":{"total":3,"covered":3,"skipped":0,"pct":100},"statements":{"total":116,"covered":116,"skipped":0,"pct":100},"branches":{"total":26,"covered":20,"skipped":0,"pct":76.92}}
,"/Users/maikyon/Documents/Programming/penny-platform/src/routes/api/campaigns/prefill-from-website/+server.ts": {"lines":{"total":127,"covered":127,"skipped":0,"pct":100},"functions":{"total":2,"covered":2,"skipped":0,"pct":100},"statements":{"total":127,"covered":127,"skipped":0,"pct":100},"branches":{"total":35,"covered":34,"skipped":0,"pct":97.14}}
,"/Users/maikyon/Documents/Programming/penny-platform/src/routes/api/chat/[campaignId]/+server.ts": {"lines":{"total":119,"covered":119,"skipped":0,"pct":100},"functions":{"total":2,"covered":2,"skipped":0,"pct":100},"statements":{"total":119,"covered":119,"skipped":0,"pct":100},"branches":{"total":22,"covered":21,"skipped":0,"pct":95.45}}
,"/Users/maikyon/Documents/Programming/penny-platform/src/routes/api/chat/[campaignId]/stream/+server.ts": {"lines":{"total":133,"covered":133,"skipped":0,"pct":100},"functions":{"total":7,"covered":7,"skipped":0,"pct":100},"statements":{"total":133,"covered":133,"skipped":0,"pct":100},"branches":{"total":36,"covered":33,"skipped":0,"pct":91.66}}
,"/Users/maikyon/Documents/Programming/penny-platform/src/routes/api/outreach/[campaignId]/+server.ts": {"lines":{"total":44,"covered":44,"skipped":0,"pct":100},"functions":{"total":1,"covered":1,"skipped":0,"pct":100},"statements":{"total":44,"covered":44,"skipped":0,"pct":100},"branches":{"total":8,"covered":7,"skipped":0,"pct":87.5}}
,"/Users/maikyon/Documents/Programming/penny-platform/src/routes/api/outreach/contacts/[campaignId]/+server.ts": {"lines":{"total":36,"covered":36,"skipped":0,"pct":100},"functions":{"total":1,"covered":1,"skipped":0,"pct":100},"statements":{"total":36,"covered":36,"skipped":0,"pct":100},"branches":{"total":7,"covered":7,"skipped":0,"pct":100}}
,"/Users/maikyon/Documents/Programming/penny-platform/src/routes/api/outreach/contacts/[campaignId]/sync-selections/+server.ts": {"lines":{"total":35,"covered":35,"skipped":0,"pct":100},"functions":{"total":1,"covered":1,"skipped":0,"pct":100},"statements":{"total":35,"covered":35,"skipped":0,"pct":100},"branches":{"total":10,"covered":10,"skipped":0,"pct":100}}
,"/Users/maikyon/Documents/Programming/penny-platform/src/routes/api/outreach/draft/+server.ts": {"lines":{"total":188,"covered":188,"skipped":0,"pct":100},"functions":{"total":1,"covered":1,"skipped":0,"pct":100},"statements":{"total":188,"covered":188,"skipped":0,"pct":100},"branches":{"total":54,"covered":53,"skipped":0,"pct":98.14}}
,"/Users/maikyon/Documents/Programming/penny-platform/src/routes/api/outreach/draft/stream/+server.ts": {"lines":{"total":240,"covered":240,"skipped":0,"pct":100},"functions":{"total":7,"covered":7,"skipped":0,"pct":100},"statements":{"total":240,"covered":240,"skipped":0,"pct":100},"branches":{"total":79,"covered":77,"skipped":0,"pct":97.46}}
,"/Users/maikyon/Documents/Programming/penny-platform/src/routes/api/outreach/inbox-usage/+server.ts": {"lines":{"total":42,"covered":42,"skipped":0,"pct":100},"functions":{"total":1,"covered":1,"skipped":0,"pct":100},"statements":{"total":42,"covered":42,"skipped":0,"pct":100},"branches":{"total":12,"covered":11,"skipped":0,"pct":91.66}}
,"/Users/maikyon/Documents/Programming/penny-platform/src/routes/api/outreach/inbox-usage/[connectionId]/+server.ts": {"lines":{"total":37,"covered":37,"skipped":0,"pct":100},"functions":{"total":1,"covered":1,"skipped":0,"pct":100},"statements":{"total":37,"covered":37,"skipped":0,"pct":100},"branches":{"total":6,"covered":5,"skipped":0,"pct":83.33}}
,"/Users/maikyon/Documents/Programming/penny-platform/src/routes/api/outreach/queue/+server.ts": {"lines":{"total":35,"covered":35,"skipped":0,"pct":100},"functions":{"total":1,"covered":1,"skipped":0,"pct":100},"statements":{"total":35,"covered":35,"skipped":0,"pct":100},"branches":{"total":5,"covered":1,"skipped":0,"pct":20}}
,"/Users/maikyon/Documents/Programming/penny-platform/src/routes/api/outreach/queue/[queueId]/+server.ts": {"lines":{"total":89,"covered":89,"skipped":0,"pct":100},"functions":{"total":2,"covered":2,"skipped":0,"pct":100},"statements":{"total":89,"covered":89,"skipped":0,"pct":100},"branches":{"total":20,"covered":18,"skipped":0,"pct":90}}
,"/Users/maikyon/Documents/Programming/penny-platform/src/routes/api/outreach/send/+server.ts": {"lines":{"total":327,"covered":327,"skipped":0,"pct":100},"functions":{"total":1,"covered":1,"skipped":0,"pct":100},"statements":{"total":327,"covered":327,"skipped":0,"pct":100},"branches":{"total":135,"covered":120,"skipped":0,"pct":88.88}}
,"/Users/maikyon/Documents/Programming/penny-platform/src/routes/api/outreach/state/[campaignId]/+server.ts": {"lines":{"total":119,"covered":119,"skipped":0,"pct":100},"functions":{"total":3,"covered":3,"skipped":0,"pct":100},"statements":{"total":119,"covered":119,"skipped":0,"pct":100},"branches":{"total":47,"covered":43,"skipped":0,"pct":91.48}}
,"/Users/maikyon/Documents/Programming/penny-platform/src/routes/api/outreach/track/+server.ts": {"lines":{"total":104,"covered":104,"skipped":0,"pct":100},"functions":{"total":1,"covered":1,"skipped":0,"pct":100},"statements":{"total":104,"covered":104,"skipped":0,"pct":100},"branches":{"total":18,"covered":14,"skipped":0,"pct":77.77}}
,"/Users/maikyon/Documents/Programming/penny-platform/src/routes/api/outreach/usage/+server.ts": {"lines":{"total":7,"covered":7,"skipped":0,"pct":100},"functions":{"total":1,"covered":1,"skipped":0,"pct":100},"statements":{"total":7,"covered":7,"skipped":0,"pct":100},"branches":{"total":2,"covered":2,"skipped":0,"pct":100}}
,"/Users/maikyon/Documents/Programming/penny-platform/src/routes/api/pipeline/[pipelineId]/+server.ts": {"lines":{"total":535,"covered":535,"skipped":0,"pct":100},"functions":{"total":5,"covered":5,"skipped":0,"pct":100},"statements":{"total":535,"covered":535,"skipped":0,"pct":100},"branches":{"total":173,"covered":134,"skipped":0,"pct":77.45}}
,"/Users/maikyon/Documents/Programming/penny-platform/src/routes/api/pipeline/[pipelineId]/cancel/+server.ts": {"lines":{"total":47,"covered":47,"skipped":0,"pct":100},"functions":{"total":0,"covered":0,"skipped":0,"pct":100},"statements":{"total":47,"covered":47,"skipped":0,"pct":100},"branches":{"total":13,"covered":11,"skipped":0,"pct":84.61}}
,"/Users/maikyon/Documents/Programming/penny-platform/src/routes/api/public/auth/send-verification/+server.ts": {"lines":{"total":75,"covered":75,"skipped":0,"pct":100},"functions":{"total":2,"covered":2,"skipped":0,"pct":100},"statements":{"total":75,"covered":75,"skipped":0,"pct":100},"branches":{"total":20,"covered":18,"skipped":0,"pct":90}}
,"/Users/maikyon/Documents/Programming/penny-platform/src/routes/api/public/billing/webhook/+server.ts": {"lines":{"total":530,"covered":530,"skipped":0,"pct":100},"functions":{"total":13,"covered":13,"skipped":0,"pct":100},"statements":{"total":530,"covered":530,"skipped":0,"pct":100},"branches":{"total":152,"covered":118,"skipped":0,"pct":77.63}}
,"/Users/maikyon/Documents/Programming/penny-platform/src/routes/api/public/session/+server.ts": {"lines":{"total":76,"covered":76,"skipped":0,"pct":100},"functions":{"total":1,"covered":1,"skipped":0,"pct":100},"statements":{"total":76,"covered":76,"skipped":0,"pct":100},"branches":{"total":16,"covered":13,"skipped":0,"pct":81.25}}
,"/Users/maikyon/Documents/Programming/penny-platform/src/routes/api/public/test-search/+server.ts": {"lines":{"total":133,"covered":133,"skipped":0,"pct":100},"functions":{"total":5,"covered":5,"skipped":0,"pct":100},"statements":{"total":133,"covered":133,"skipped":0,"pct":100},"branches":{"total":61,"covered":50,"skipped":0,"pct":81.96}}
,"/Users/maikyon/Documents/Programming/penny-platform/src/routes/api/search/influencers/+server.ts": {"lines":{"total":538,"covered":538,"skipped":0,"pct":100},"functions":{"total":6,"covered":6,"skipped":0,"pct":100},"statements":{"total":538,"covered":538,"skipped":0,"pct":100},"branches":{"total":156,"covered":138,"skipped":0,"pct":88.46}}
,"/Users/maikyon/Documents/Programming/penny-platform/src/routes/api/session/+server.ts": {"lines":{"total":18,"covered":18,"skipped":0,"pct":100},"functions":{"total":1,"covered":1,"skipped":0,"pct":100},"statements":{"total":18,"covered":18,"skipped":0,"pct":100},"branches":{"total":5,"covered":4,"skipped":0,"pct":80}}
,"/Users/maikyon/Documents/Programming/penny-platform/src/routes/api/session/token/+server.ts": {"lines":{"total":21,"covered":21,"skipped":0,"pct":100},"functions":{"total":1,"covered":1,"skipped":0,"pct":100},"statements":{"total":21,"covered":21,"skipped":0,"pct":100},"branches":{"total":2,"covered":2,"skipped":0,"pct":100}}
,"/Users/maikyon/Documents/Programming/penny-platform/src/routes/api/settings/email/+server.ts": {"lines":{"total":55,"covered":55,"skipped":0,"pct":100},"functions":{"total":2,"covered":2,"skipped":0,"pct":100},"statements":{"total":55,"covered":55,"skipped":0,"pct":100},"branches":{"total":15,"covered":14,"skipped":0,"pct":93.33}}
,"/Users/maikyon/Documents/Programming/penny-platform/src/routes/api/usage/+server.ts": {"lines":{"total":14,"covered":14,"skipped":0,"pct":100},"functions":{"total":1,"covered":1,"skipped":0,"pct":100},"statements":{"total":14,"covered":14,"skipped":0,"pct":100},"branches":{"total":2,"covered":2,"skipped":0,"pct":100}}
,"/Users/maikyon/Documents/Programming/penny-platform/src/routes/api/user/onboarding/+server.ts": {"lines":{"total":61,"covered":61,"skipped":0,"pct":100},"functions":{"total":1,"covered":1,"skipped":0,"pct":100},"statements":{"total":61,"covered":61,"skipped":0,"pct":100},"branches":{"total":15,"covered":14,"skipped":0,"pct":93.33}}
,"/Users/maikyon/Documents/Programming/penny-platform/src/routes/auth/verify/+page.ts": {"lines":{"total":6,"covered":6,"skipped":0,"pct":100},"functions":{"total":1,"covered":1,"skipped":0,"pct":100},"statements":{"total":6,"covered":6,"skipped":0,"pct":100},"branches":{"total":1,"covered":1,"skipped":0,"pct":100}}
,"/Users/maikyon/Documents/Programming/penny-platform/src/routes/logout/+page.server.ts": {"lines":{"total":15,"covered":15,"skipped":0,"pct":100},"functions":{"total":1,"covered":1,"skipped":0,"pct":100},"statements":{"total":15,"covered":15,"skipped":0,"pct":100},"branches":{"total":2,"covered":2,"skipped":0,"pct":100}}
,"/Users/maikyon/Documents/Programming/penny-platform/src/routes/sign-in/+page.ts": {"lines":{"total":5,"covered":5,"skipped":0,"pct":100},"functions":{"total":1,"covered":1,"skipped":0,"pct":100},"statements":{"total":5,"covered":5,"skipped":0,"pct":100},"branches":{"total":1,"covered":1,"skipped":0,"pct":100}}
,"/Users/maikyon/Documents/Programming/penny-platform/src/routes/sign-up/confirm/+page.ts": {"lines":{"total":4,"covered":4,"skipped":0,"pct":100},"functions":{"total":1,"covered":1,"skipped":0,"pct":100},"statements":{"total":4,"covered":4,"skipped":0,"pct":100},"branches":{"total":1,"covered":1,"skipped":0,"pct":100}}
}
